         
        [COMMAND <pID:19732>]: 
        E:\MagicXPA\xpa481\GITScripts\whereCmd.bat TortoiseGitProc.exe C:\Users\chouguleR\AppData\Local\Temp\ 19732
         
        [GIT COMMAND <pID:19732>]: 
        where TortoiseGitProc.exe  1>C:\Users\chouguleR\AppData\Local\Temp\\git_answer_19732.txt 2>C:\Users\chouguleR\AppData\Local\Temp\\git_error_19732.txt
         
        [RESULT <pID:19732>]: 
        E:\Program Files\TortoiseGit\bin\TortoiseGitProc.exe
         - -- -- -- -- -- -- -- -- -- -- -- -- -- -- -- -- -- -- -- -- - 
         
        [COMMAND <pID:19732>]: 
        E:\MagicXPA\xpa481\GITScripts\whereCmd.bat git.exe C:\Users\chouguleR\AppData\Local\Temp\ 19732
         
        [GIT COMMAND <pID:19732>]: 
        where git.exe  1>C:\Users\chouguleR\AppData\Local\Temp\\git_answer_19732.txt 2>C:\Users\chouguleR\AppData\Local\Temp\\git_error_19732.txt
         
        [RESULT <pID:19732>]: 
        E:\Program Files\Git\cmd\git.exe
         - -- -- -- -- -- -- -- -- -- -- -- -- -- -- -- -- -- -- -- -- - 
         
        [COMMAND <pID:19732>]: 
        E:\MagicXPA\xpa481\GITScripts\CheckifFileIgnored.bat "myGitlog.log" C:\Users\chouguleR\AppData\Local\Temp\ 19732
         
        [GIT COMMAND <pID:19732>]: 
        git.exe check-ignore -v "myGitlog.log"  1>C:\Users\chouguleR\AppData\Local\Temp\\git_answer_19732.txt 2>C:\Users\chouguleR\AppData\Local\Temp\\git_error_19732.txt
         Empty result is return by git.
         - -- -- -- -- -- -- -- -- -- -- -- -- -- -- -- -- -- -- -- -- - 
10:59:55 
        [COMMAND <pID:19732>]: 
        E:\MagicXPA\xpa481\GITScripts\GetGitRepoPath.bat C:\Users\chouguleR\AppData\Local\Temp\ 19732
         
        [GIT COMMAND <pID:19732>]: 
        git.exe rev-parse --show-toplevel  1>C:\Users\chouguleR\AppData\Local\Temp\\git_answer_19732.txt 2>C:\Users\chouguleR\AppData\Local\Temp\\git_error_19732.txt
         
        [RESULT <pID:19732>]: 
        E:/MagicXPA/xpa481/Projects/GitMerge
         - -- -- -- -- -- -- -- -- -- -- -- -- -- -- -- -- -- -- -- -- - 
         
        [COMMAND <pID:19732>]: 
        E:\MagicXPA\xpa481\GITScripts\CheckifFileIgnored.bat "MagicIDs/branchIDs*.*" C:\Users\chouguleR\AppData\Local\Temp\ 19732
         
        [GIT COMMAND <pID:19732>]: 
        git.exe check-ignore -v "MagicIDs/branchIDs*.*"  1>C:\Users\chouguleR\AppData\Local\Temp\\git_answer_19732.txt 2>C:\Users\chouguleR\AppData\Local\Temp\\git_error_19732.txt
         
        [RESULT <pID:19732>]: 
        .gitignore:1:MagicIDs/branchIDs*.*	MagicIDs/branchIDs*.*
         - -- -- -- -- -- -- -- -- -- -- -- -- -- -- -- -- -- -- -- -- - 
         
        [COMMAND <pID:19732>]: 
        E:\MagicXPA\xpa481\GITScripts\whereCmd.bat TortoiseGitProc.exe C:\Users\chouguleR\AppData\Local\Temp\ 19732
10:59:56 
        [GIT COMMAND <pID:19732>]: 
        where TortoiseGitProc.exe  1>C:\Users\chouguleR\AppData\Local\Temp\\git_answer_19732.txt 2>C:\Users\chouguleR\AppData\Local\Temp\\git_error_19732.txt
         
        [RESULT <pID:19732>]: 
        E:\Program Files\TortoiseGit\bin\TortoiseGitProc.exe
         - -- -- -- -- -- -- -- -- -- -- -- -- -- -- -- -- -- -- -- -- - 
         
        [COMMAND <pID:19732>]: 
        E:\MagicXPA\xpa481\GITScripts\GetMergeDriver.bat C:\Users\chouguleR\AppData\Local\Temp\ 19732
         
        [GIT COMMAND <pID:19732>]: 
        git.exe config --get merge.mgmerge.driver  1>C:\Users\chouguleR\AppData\Local\Temp\\git_answer_19732.txt 2>C:\Users\chouguleR\AppData\Local\Temp\\git_error_19732.txt
         Empty result is return by git.
         - -- -- -- -- -- -- -- -- -- -- -- -- -- -- -- -- -- -- -- -- - 
         
        [COMMAND <pID:19732>]: 
        E:\MagicXPA\xpa481\GITScripts\GetUserEmailid.bat C:\Users\chouguleR\AppData\Local\Temp\ 19732
         
        [GIT COMMAND <pID:19732>]: 
        git.exe config user.email  1>C:\Users\chouguleR\AppData\Local\Temp\\git_answer_19732.txt 2>C:\Users\chouguleR\AppData\Local\Temp\\git_error_19732.txt
         
        [RESULT <pID:19732>]: 
        ravindrachougule66@gmail.com
         - -- -- -- -- -- -- -- -- -- -- -- -- -- -- -- -- -- -- -- -- - 
         
        [COMMAND <pID:19732>]: 
        E:\MagicXPA\xpa481\GITScripts\GetGitRepoPath.bat C:\Users\chouguleR\AppData\Local\Temp\ 19732
         
        [GIT COMMAND <pID:19732>]: 
        git.exe rev-parse --show-toplevel  1>C:\Users\chouguleR\AppData\Local\Temp\\git_answer_19732.txt 2>C:\Users\chouguleR\AppData\Local\Temp\\git_error_19732.txt
         
        [RESULT <pID:19732>]: 
10:59:57E:/MagicXPA/xpa481/Projects/GitMerge
         - -- -- -- -- -- -- -- -- -- -- -- -- -- -- -- -- -- -- -- -- - 
         
        [COMMAND <pID:19732>]: 
        E:\MagicXPA\xpa481\GITScripts\CheckoutFileWithoutSwitchingBranch.bat magicids "E:/MagicXPA/xpa481/Projects/GitMerge\MagicIDs\devids.txt" C:\Users\chouguleR\AppData\Local\Temp\ 19732
         
        [GIT COMMAND <pID:19732>]: 
        git.exe checkout magicids -- "E:/MagicXPA/xpa481/Projects/GitMerge\MagicIDs\devids.txt"  1>C:\Users\chouguleR\AppData\Local\Temp\\git_answer_19732.txt 2>C:\Users\chouguleR\AppData\Local\Temp\\git_error_19732.txt
         
        ***ERROR***<pID:19732>: 
        fatal: invalid reference: magicids
         - -- -- -- -- -- -- -- -- -- -- -- -- -- -- -- -- -- -- -- -- - 
         
        [COMMAND <pID:19732>]: 
        E:\MagicXPA\xpa481\GITScripts\GetGitRemote.bat C:\Users\chouguleR\AppData\Local\Temp\ 19732
         
        [GIT COMMAND <pID:19732>]: 
        git.exe remote  1>C:\Users\chouguleR\AppData\Local\Temp\\git_answer_19732.txt 2>C:\Users\chouguleR\AppData\Local\Temp\\git_error_19732.txt
         
        [RESULT <pID:19732>]: 
        origin
         - -- -- -- -- -- -- -- -- -- -- -- -- -- -- -- -- -- -- -- -- - 
11:00:01 
        [COMMAND <pID:19732>]: 
        E:\MagicXPA\xpa481\GITScripts\GetGitRepoPath.bat C:\Users\chouguleR\AppData\Local\Temp\ 19732
         
        [GIT COMMAND <pID:19732>]: 
11:00:02git.exe rev-parse --show-toplevel  1>C:\Users\chouguleR\AppData\Local\Temp\\git_answer_19732.txt 2>C:\Users\chouguleR\AppData\Local\Temp\\git_error_19732.txt
         
        [RESULT <pID:19732>]: 
        E:/MagicXPA/xpa481/Projects/GitMerge
         - -- -- -- -- -- -- -- -- -- -- -- -- -- -- -- -- -- -- -- -- - 
         
        [COMMAND <pID:19732>]: 
        E:\MagicXPA\xpa481\GITScripts\BranchList.bat C:\Users\chouguleR\AppData\Local\Temp\ 19732
         
        [GIT COMMAND <pID:19732>]: 
        git rev-parse --abbrev-ref HEAD  1>C:\Users\chouguleR\AppData\Local\Temp\\git_answer_19732.txt 2>C:\Users\chouguleR\AppData\Local\Temp\\git_error_19732.txt
         
        [RESULT <pID:19732>]: 
        master
         - -- -- -- -- -- -- -- -- -- -- -- -- -- -- -- -- -- -- -- -- - 
         
        [COMMAND <pID:19732>]: 
        E:\MagicXPA\xpa481\GITScripts\StashPushShelvest.bat "devshelveset" C:\Users\chouguleR\AppData\Local\Temp\ 19732
         
        [GIT COMMAND <pID:19732>]: 
        git.exe stash push -m "devshelveset"  1>C:\Users\chouguleR\AppData\Local\Temp\\git_answer_19732.txt 2>C:\Users\chouguleR\AppData\Local\Temp\\git_error_19732.txt
         
        [RESULT <pID:19732>]: 
        No local changes to save
         - -- -- -- -- -- -- -- -- -- -- -- -- -- -- -- -- -- -- -- -- - 
        GetDevIdAndBranchId() : Checkout from branch (master)
         
        [COMMAND <pID:19732>]: 
        E:\MagicXPA\xpa481\GITScripts\CheckoutBranch.bat magicids C:\Users\chouguleR\AppData\Local\Temp\ 19732
         
        [GIT COMMAND <pID:19732>]: 
        git.exe checkout magicids  1>C:\Users\chouguleR\AppData\Local\Temp\\git_answer_19732.txt 2>C:\Users\chouguleR\AppData\Local\Temp\\git_error_19732.txt
         
        ***ERROR***<pID:19732>: 
        error: pathspec 'magicids' did not match any file(s) known to git
         - -- -- -- -- -- -- -- -- -- -- -- -- -- -- -- -- -- -- -- -- - 
         
        [COMMAND <pID:19732>]: 
        E:\MagicXPA\xpa481\GITScripts\CheckoutOrphan.bat magicids C:\Users\chouguleR\AppData\Local\Temp\ 19732
11:00:03 
        [GIT COMMAND <pID:19732>]: 
        git.exe checkout --orphan magicids  1>C:\Users\chouguleR\AppData\Local\Temp\\git_answer_19732.txt 2>C:\Users\chouguleR\AppData\Local\Temp\\git_error_19732.txt
         
        ***ERROR***<pID:19732>: 
        Switched to a new branch 'magicids'
         - -- -- -- -- -- -- -- -- -- -- -- -- -- -- -- -- -- -- -- -- - 
         
        [COMMAND <pID:19732>]: 
        E:\MagicXPA\xpa481\GITScripts\PullRemoteBranch.bat origin magicids C:\Users\chouguleR\AppData\Local\Temp\ 19732
11:01:01 
        [GIT COMMAND <pID:19732>]: 
        git.exe pull origin magicids  1>C:\Users\chouguleR\AppData\Local\Temp\\git_answer_19732.txt 2>C:\Users\chouguleR\AppData\Local\Temp\\git_error_19732.txt
         
        ***ERROR***<pID:19732>: 
        ssh: connect to host github.com port 22: Connection timed out
fatal: Could not read from remote repository.

Please make sure you have the correct access rights
and the repository exists.
         - -- -- -- -- -- -- -- -- -- -- -- -- -- -- -- -- -- -- -- -- - 
        GetDevIdAndBranchId() : Checkout back to branch (master)
        Unable to access remote. Please check network connection / permissions to access remote (-4)
         
        [COMMAND <pID:19732>]: 
11:01:02E:\MagicXPA\xpa481\GITScripts\CheckoutBranch.bat master C:\Users\chouguleR\AppData\Local\Temp\ 19732
         
        [GIT COMMAND <pID:19732>]: 
        git.exe checkout master  1>C:\Users\chouguleR\AppData\Local\Temp\\git_answer_19732.txt 2>C:\Users\chouguleR\AppData\Local\Temp\\git_error_19732.txt
         
        ***ERROR***<pID:19732>: 
        Switched to branch 'master'
         - -- -- -- -- -- -- -- -- -- -- -- -- -- -- -- -- -- -- -- -- - 
         
        [COMMAND <pID:19732>]: 
        E:\MagicXPA\xpa481\GITScripts\StashList.bat C:\Users\chouguleR\AppData\Local\Temp\ 19732
         
        [GIT COMMAND <pID:19732>]: 
        git.exe stash list  1>C:\Users\chouguleR\AppData\Local\Temp\\git_answer_19732.txt 2>C:\Users\chouguleR\AppData\Local\Temp\\git_error_19732.txt
         Empty result is return by git.
         - -- -- -- -- -- -- -- -- -- -- -- -- -- -- -- -- -- -- -- -- - 
         
        [COMMAND <pID:19732>]: 
        E:\MagicXPA\xpa481\GITScripts\CheckifFileIgnored.bat "myGitlog.log" C:\Users\chouguleR\AppData\Local\Temp\ 19732
         
        [GIT COMMAND <pID:19732>]: 
        git.exe check-ignore -v "myGitlog.log"  1>C:\Users\chouguleR\AppData\Local\Temp\\git_answer_19732.txt 2>C:\Users\chouguleR\AppData\Local\Temp\\git_error_19732.txt
         
        [RESULT <pID:19732>]: 
        .gitignore:2:myGitlog.log	myGitlog.log
         - -- -- -- -- -- -- -- -- -- -- -- -- -- -- -- -- -- -- -- -- - 
         
        [COMMAND <pID:19732>]: 
        E:\MagicXPA\xpa481\GITScripts\GetGitRepoPath.bat C:\Users\chouguleR\AppData\Local\Temp\ 19732
11:01:21 
        [GIT COMMAND <pID:19732>]: 
        git.exe rev-parse --show-toplevel  1>C:\Users\chouguleR\AppData\Local\Temp\\git_answer_19732.txt 2>C:\Users\chouguleR\AppData\Local\Temp\\git_error_19732.txt
         
        [RESULT <pID:19732>]: 
        E:/MagicXPA/xpa481/Projects/GitMerge
         - -- -- -- -- -- -- -- -- -- -- -- -- -- -- -- -- -- -- -- -- - 
         
        [COMMAND <pID:19732>]: 
        E:\MagicXPA\xpa481\GITScripts\CheckifFileIgnored.bat "MagicIDs/branchIDs*.*" C:\Users\chouguleR\AppData\Local\Temp\ 19732
         
        [GIT COMMAND <pID:19732>]: 
        git.exe check-ignore -v "MagicIDs/branchIDs*.*"  1>C:\Users\chouguleR\AppData\Local\Temp\\git_answer_19732.txt 2>C:\Users\chouguleR\AppData\Local\Temp\\git_error_19732.txt
         
        [RESULT <pID:19732>]: 
        .gitignore:1:MagicIDs/branchIDs*.*	MagicIDs/branchIDs*.*
         - -- -- -- -- -- -- -- -- -- -- -- -- -- -- -- -- -- -- -- -- - 
         
        [COMMAND <pID:19732>]: 
        E:\MagicXPA\xpa481\GITScripts\whereCmd.bat TortoiseGitProc.exe C:\Users\chouguleR\AppData\Local\Temp\ 19732
         
        [GIT COMMAND <pID:19732>]: 
        where TortoiseGitProc.exe  1>C:\Users\chouguleR\AppData\Local\Temp\\git_answer_19732.txt 2>C:\Users\chouguleR\AppData\Local\Temp\\git_error_19732.txt
         
        [RESULT <pID:19732>]: 
        E:\Program Files\TortoiseGit\bin\TortoiseGitProc.exe
         - -- -- -- -- -- -- -- -- -- -- -- -- -- -- -- -- -- -- -- -- - 
         
        [COMMAND <pID:19732>]: 
        E:\MagicXPA\xpa481\GITScripts\GetMergeDriver.bat C:\Users\chouguleR\AppData\Local\Temp\ 19732
         
        [GIT COMMAND <pID:19732>]: 
        git.exe config --get merge.mgmerge.driver  1>C:\Users\chouguleR\AppData\Local\Temp\\git_answer_19732.txt 2>C:\Users\chouguleR\AppData\Local\Temp\\git_error_19732.txt
         Empty result is return by git.
         - -- -- -- -- -- -- -- -- -- -- -- -- -- -- -- -- -- -- -- -- - 
         
11:01:22[COMMAND <pID:19732>]: 
        E:\MagicXPA\xpa481\GITScripts\GetUserEmailid.bat C:\Users\chouguleR\AppData\Local\Temp\ 19732
         
        [GIT COMMAND <pID:19732>]: 
        git.exe config user.email  1>C:\Users\chouguleR\AppData\Local\Temp\\git_answer_19732.txt 2>C:\Users\chouguleR\AppData\Local\Temp\\git_error_19732.txt
         
        [RESULT <pID:19732>]: 
        ravindrachougule66@gmail.com
         - -- -- -- -- -- -- -- -- -- -- -- -- -- -- -- -- -- -- -- -- - 
         
        [COMMAND <pID:19732>]: 
        E:\MagicXPA\xpa481\GITScripts\GetGitRepoPath.bat C:\Users\chouguleR\AppData\Local\Temp\ 19732
         
        [GIT COMMAND <pID:19732>]: 
        git.exe rev-parse --show-toplevel  1>C:\Users\chouguleR\AppData\Local\Temp\\git_answer_19732.txt 2>C:\Users\chouguleR\AppData\Local\Temp\\git_error_19732.txt
         
        [RESULT <pID:19732>]: 
        E:/MagicXPA/xpa481/Projects/GitMerge
         - -- -- -- -- -- -- -- -- -- -- -- -- -- -- -- -- -- -- -- -- - 
         
        [COMMAND <pID:19732>]: 
        E:\MagicXPA\xpa481\GITScripts\CheckoutFileWithoutSwitchingBranch.bat magicids "E:/MagicXPA/xpa481/Projects/GitMerge\MagicIDs\devids.txt" C:\Users\chouguleR\AppData\Local\Temp\ 19732
         
        [GIT COMMAND <pID:19732>]: 
        git.exe checkout magicids -- "E:/MagicXPA/xpa481/Projects/GitMerge\MagicIDs\devids.txt"  1>C:\Users\chouguleR\AppData\Local\Temp\\git_answer_19732.txt 2>C:\Users\chouguleR\AppData\Local\Temp\\git_error_19732.txt
         
        ***ERROR***<pID:19732>: 
        fatal: invalid reference: magicids
         - -- -- -- -- -- -- -- -- -- -- -- -- -- -- -- -- -- -- -- -- - 
         
        [COMMAND <pID:19732>]: 
        E:\MagicXPA\xpa481\GITScripts\GetGitRemote.bat C:\Users\chouguleR\AppData\Local\Temp\ 19732
         
        [GIT COMMAND <pID:19732>]: 
11:01:23git.exe remote  1>C:\Users\chouguleR\AppData\Local\Temp\\git_answer_19732.txt 2>C:\Users\chouguleR\AppData\Local\Temp\\git_error_19732.txt
         
        [RESULT <pID:19732>]: 
        origin
         - -- -- -- -- -- -- -- -- -- -- -- -- -- -- -- -- -- -- -- -- - 
11:01:24 
        [COMMAND <pID:19732>]: 
        E:\MagicXPA\xpa481\GITScripts\GetGitRepoPath.bat C:\Users\chouguleR\AppData\Local\Temp\ 19732
         
        [GIT COMMAND <pID:19732>]: 
        git.exe rev-parse --show-toplevel  1>C:\Users\chouguleR\AppData\Local\Temp\\git_answer_19732.txt 2>C:\Users\chouguleR\AppData\Local\Temp\\git_error_19732.txt
         
        [RESULT <pID:19732>]: 
        E:/MagicXPA/xpa481/Projects/GitMerge
         - -- -- -- -- -- -- -- -- -- -- -- -- -- -- -- -- -- -- -- -- - 
         
        [COMMAND <pID:19732>]: 
        E:\MagicXPA\xpa481\GITScripts\BranchList.bat C:\Users\chouguleR\AppData\Local\Temp\ 19732
11:01:25 
        [GIT COMMAND <pID:19732>]: 
        git rev-parse --abbrev-ref HEAD  1>C:\Users\chouguleR\AppData\Local\Temp\\git_answer_19732.txt 2>C:\Users\chouguleR\AppData\Local\Temp\\git_error_19732.txt
         
        [RESULT <pID:19732>]: 
        master
         - -- -- -- -- -- -- -- -- -- -- -- -- -- -- -- -- -- -- -- -- - 
         
        [COMMAND <pID:19732>]: 
        E:\MagicXPA\xpa481\GITScripts\StashPushShelvest.bat "devshelveset" C:\Users\chouguleR\AppData\Local\Temp\ 19732
         
        [GIT COMMAND <pID:19732>]: 
        git.exe stash push -m "devshelveset"  1>C:\Users\chouguleR\AppData\Local\Temp\\git_answer_19732.txt 2>C:\Users\chouguleR\AppData\Local\Temp\\git_error_19732.txt
         
        [RESULT <pID:19732>]: 
        No local changes to save
         - -- -- -- -- -- -- -- -- -- -- -- -- -- -- -- -- -- -- -- -- - 
        GetDevIdAndBranchId() : Checkout from branch (master)
         
        [COMMAND <pID:19732>]: 
        E:\MagicXPA\xpa481\GITScripts\CheckoutBranch.bat magicids C:\Users\chouguleR\AppData\Local\Temp\ 19732
         
        [GIT COMMAND <pID:19732>]: 
        git.exe checkout magicids  1>C:\Users\chouguleR\AppData\Local\Temp\\git_answer_19732.txt 2>C:\Users\chouguleR\AppData\Local\Temp\\git_error_19732.txt
         
        ***ERROR***<pID:19732>: 
        error: pathspec 'magicids' did not match any file(s) known to git
         - -- -- -- -- -- -- -- -- -- -- -- -- -- -- -- -- -- -- -- -- - 
         
        [COMMAND <pID:19732>]: 
        E:\MagicXPA\xpa481\GITScripts\CheckoutOrphan.bat magicids C:\Users\chouguleR\AppData\Local\Temp\ 19732
         
        [GIT COMMAND <pID:19732>]: 
11:01:26git.exe checkout --orphan magicids  1>C:\Users\chouguleR\AppData\Local\Temp\\git_answer_19732.txt 2>C:\Users\chouguleR\AppData\Local\Temp\\git_error_19732.txt
         
        ***ERROR***<pID:19732>: 
        Switched to a new branch 'magicids'
         - -- -- -- -- -- -- -- -- -- -- -- -- -- -- -- -- -- -- -- -- - 
         
        [COMMAND <pID:19732>]: 
        E:\MagicXPA\xpa481\GITScripts\PullRemoteBranch.bat origin magicids C:\Users\chouguleR\AppData\Local\Temp\ 19732
11:01:50 
        [GIT COMMAND <pID:19732>]: 
        git.exe pull origin magicids  1>C:\Users\chouguleR\AppData\Local\Temp\\git_answer_19732.txt 2>C:\Users\chouguleR\AppData\Local\Temp\\git_error_19732.txt
         
        ***ERROR***<pID:19732>: 
        ssh: connect to host github.com port 22: Connection timed out
fatal: Could not read from remote repository.

Please make sure you have the correct access rights
and the repository exists.
         - -- -- -- -- -- -- -- -- -- -- -- -- -- -- -- -- -- -- -- -- - 
        GetDevIdAndBranchId() : Checkout back to branch (master)
        Unable to access remote. Please check network connection / permissions to access remote (-4)
         
        [COMMAND <pID:19732>]: 
        E:\MagicXPA\xpa481\GITScripts\CheckoutBranch.bat master C:\Users\chouguleR\AppData\Local\Temp\ 19732
         
        [GIT COMMAND <pID:19732>]: 
        git.exe checkout master  1>C:\Users\chouguleR\AppData\Local\Temp\\git_answer_19732.txt 2>C:\Users\chouguleR\AppData\Local\Temp\\git_error_19732.txt
         
        ***ERROR***<pID:19732>: 
        Switched to branch 'master'
         - -- -- -- -- -- -- -- -- -- -- -- -- -- -- -- -- -- -- -- -- - 
         
        [COMMAND <pID:19732>]: 
        E:\MagicXPA\xpa481\GITScripts\StashList.bat C:\Users\chouguleR\AppData\Local\Temp\ 19732
11:01:51 
        [GIT COMMAND <pID:19732>]: 
        git.exe stash list  1>C:\Users\chouguleR\AppData\Local\Temp\\git_answer_19732.txt 2>C:\Users\chouguleR\AppData\Local\Temp\\git_error_19732.txt
         Empty result is return by git.
         - -- -- -- -- -- -- -- -- -- -- -- -- -- -- -- -- -- -- -- -- - 
